生成启动时间为 2022/1/4 16:01:39。
     1>项目“E:\code_study\STL_Study\STL_Study\STL_Study\STL_Study.vcxproj”在节点 2 上(build 个目标)。
     1>InitializeBuildStatus:
         正在创建“Debug\STL_Study.unsuccessfulbuild”，因为已指定“AlwaysCreate”。
       ClCompile:
         D:\vs_2010_baidu\file\VC\bin\CL.exe /c /ZI /nologo /W3 /WX- /Od /Oy- /D _MBCS /Gm /EHsc /RTC1 /MDd /GS /fp:precise /Zc:wchar_t /Zc:forScope /Fo"Debug\\" /Fd"Debug\vc100.pdb" /Gd /TP /analyze- /errorReport:prompt STLMain.cpp
         STLMain.cpp
       Link:
         D:\vs_2010_baidu\file\VC\bin\link.exe /ERRORREPORT:PROMPT /OUT:"E:\code_study\STL_Study\STL_Study\Debug\STL_Study.exe" /NOLOGO kernel32.lib user32.lib gdi32.lib winspool.lib comdlg32.lib advapi32.lib shell32.lib ole32.lib oleaut32.lib uuid.lib odbc32.lib odbccp32.lib /MANIFEST /ManifestFile:"Debug\STL_Study.exe.intermediate.manifest" /MANIFESTUAC:"level='asInvoker' uiAccess='false'" /DEBUG /PDB:"E:\code_study\STL_Study\STL_Study\Debug\STL_Study.pdb" /TLBID:1 /DYNAMICBASE /NXCOMPAT /IMPLIB:"E:\code_study\STL_Study\STL_Study\Debug\STL_Study.lib" /MACHINE:X86 Debug\hash_table.obj
         Debug\STLMain.obj
         LINK : 没有找到 E:\code_study\STL_Study\STL_Study\Debug\STL_Study.exe 或上一个增量链接没有生成它；正在执行完全链接
         STL_Study.vcxproj -> E:\code_study\STL_Study\STL_Study\Debug\STL_Study.exe
       Manifest:
         C:\Program Files (x86)\Microsoft SDKs\Windows\v7.0A\bin\mt.exe /nologo /verbose /outputresource:"E:\code_study\STL_Study\STL_Study\Debug\STL_Study.exe;#1" /manifest Debug\STL_Study.exe.intermediate.manifest
       FinalizeBuildStatus:
         正在删除文件“Debug\STL_Study.unsuccessfulbuild”。
         正在对“Debug\STL_Study.lastbuildstate”执行 Touch 任务。
     1>已完成生成项目“E:\code_study\STL_Study\STL_Study\STL_Study\STL_Study.vcxproj”(build 个目标)的操作。

生成成功。

已用时间 00:00:00.64
